Log file open, 01/16/19 13:27:41
LogWindows: Failed to load 'aqProf.dll' (GetLastError=126)
LogWindows: File 'aqProf.dll' does not exist
LogWindows: Failed to load 'VtuneApi.dll' (GetLastError=126)
LogWindows: File 'VtuneApi.dll' does not exist
LogWindows: Failed to load 'VtuneApi32e.dll' (GetLastError=126)
LogWindows: File 'VtuneApi32e.dll' does not exist
LogInit: Display: Running engine for game: JC_WBInClass
LogPlatformFile: Not using cached read wrapper
LogTaskGraph: Started task graph with 5 named threads and 23 total threads with 3 sets of task threads.
LogStats: Stats thread started at 0.278561
LogD3D11RHI: Loaded GFSDK_Aftermath_Lib.x64.dll
LogICUInternationalization: Display: ICU TimeZone Detection - Raw Offset: -7:00, Platform Override: ''
LogPluginManager: Mounting plugin Paper2D
LogPluginManager: Mounting plugin AISupport
LogPluginManager: Mounting plugin LightPropagationVolume
LogPluginManager: Mounting plugin CLionSourceCodeAccess
LogPluginManager: Mounting plugin CodeLiteSourceCodeAccess
LogPluginManager: Mounting plugin GitSourceControl
LogPluginManager: Mounting plugin KDevelopSourceCodeAccess
LogPluginManager: Mounting plugin NullSourceCodeAccess
LogPluginManager: Mounting plugin PerforceSourceControl
LogPluginManager: Mounting plugin SubversionSourceControl
LogPluginManager: Mounting plugin UObjectPlugin
LogPluginManager: Mounting plugin VisualStudioCodeSourceCodeAccess
LogPluginManager: Mounting plugin VisualStudioSourceCodeAccess
LogPluginManager: Mounting plugin XCodeSourceCodeAccess
LogPluginManager: Mounting plugin AssetManagerEditor
LogPluginManager: Mounting plugin CryptoKeys
LogPluginManager: Mounting plugin DataValidation
LogPluginManager: Mounting plugin FacialAnimation
LogPluginManager: Mounting plugin GameplayTagsEditor
LogPluginManager: Mounting plugin MacGraphicsSwitching
LogPluginManager: Mounting plugin MeshEditor
LogPluginManager: Mounting plugin MobileLauncherProfileWizard
LogPluginManager: Mounting plugin PluginBrowser
LogPluginManager: Mounting plugin SpeedTreeImporter
LogPluginManager: Mounting plugin DatasmithContent
LogPluginManager: Mounting plugin AlembicImporter
LogPluginManager: Mounting plugin AppleImageUtils
LogPluginManager: Mounting plugin AppleVision
LogPluginManager: Mounting plugin BackChannel
LogPluginManager: Mounting plugin CharacterAI
LogPluginManager: Mounting plugin GeometryCache
LogPluginManager: Mounting plugin HTML5Networking
LogPluginManager: Mounting plugin ProxyLODPlugin
LogPluginManager: Mounting plugin MagicLeap
LogPluginManager: Mounting plugin MagicLeapEmulator
LogPluginManager: Mounting plugin MagicLeapMedia
LogPluginManager: Mounting plugin AndroidMedia
LogPluginManager: Mounting plugin AvfMedia
LogPluginManager: Mounting plugin ImgMedia
LogPluginManager: Mounting plugin LinearTimecode
LogPluginManager: Mounting plugin MediaCompositing
LogPluginManager: Mounting plugin MediaPlayerEditor
LogPluginManager: Mounting plugin WmfMedia
LogPluginManager: Mounting plugin TcpMessaging
LogPluginManager: Mounting plugin UdpMessaging
LogPluginManager: Mounting plugin ActorSequence
LogPluginManager: Mounting plugin LevelSequenceEditor
LogPluginManager: Mounting plugin MatineeToLevelSequence
LogPluginManager: Mounting plugin NetcodeUnitTest
LogPluginManager: Mounting plugin NUTUnrealEngine4
LogPluginManager: Mounting plugin OnlineSubsystemGooglePlay
LogPluginManager: Mounting plugin OnlineSubsystemIOS
LogPluginManager: Mounting plugin OnlineSubsystem
LogPluginManager: Mounting plugin OnlineSubsystemNull
LogPluginManager: Mounting plugin OnlineSubsystemUtils
LogPluginManager: Mounting plugin LauncherChunkInstaller
LogPluginManager: Mounting plugin AndroidDeviceProfileSelector
LogPluginManager: Mounting plugin AndroidMoviePlayer
LogPluginManager: Mounting plugin AndroidPermission
LogPluginManager: Mounting plugin AppleMoviePlayer
LogPluginManager: Mounting plugin ArchVisCharacter
LogPluginManager: Mounting plugin AudioCapture
LogPluginManager: Mounting plugin CableComponent
LogPluginManager: Mounting plugin CustomMeshComponent
LogPluginManager: Mounting plugin EditableMesh
LogPluginManager: Mounting plugin ExampleDeviceProfileSelector
LogPluginManager: Mounting plugin GoogleCloudMessaging
LogPluginManager: Mounting plugin ImmediatePhysics
LogPluginManager: Mounting plugin IOSDeviceProfileSelector
LogPluginManager: Mounting plugin LinuxDeviceProfileSelector
LogPluginManager: Mounting plugin LocationServicesBPLibrary
LogPluginManager: Mounting plugin MobilePatchingUtils
LogPluginManager: Mounting plugin OculusVR
LogPluginManager: Plugin shader directory ../../../Engine/Plugins/Runtime/Oculus/OculusVR/Shaders found
LogPluginManager: Mapping shader source directory ../../../Engine/Plugins/Runtime/Oculus/OculusVR/Shaders to virtual directory /Plugin/OculusVR
LogPluginManager: Mounting plugin PhysXVehicles
LogPluginManager: Mounting plugin ProceduralMeshComponent
LogPluginManager: Mounting plugin RuntimePhysXCooking
LogPluginManager: Mounting plugin SteamVR
LogPluginManager: Mounting plugin WindowsMoviePlayer
LogStreaming: Display: Took  0.102s to configure plugins.
LogInit: Using libcurl 7.55.1-DEV
LogInit:  - built for x86_64-pc-win32
LogInit:  - supports SSL with OpenSSL/1.0.2h
LogInit:  - supports HTTP deflate (compression) using libz 1.2.8
LogInit:  - other features:
LogInit:      CURL_VERSION_SSL
LogInit:      CURL_VERSION_LIBZ
LogInit:      CURL_VERSION_IPV6
LogInit:      CURL_VERSION_ASYNCHDNS
LogInit:      CURL_VERSION_LARGEFILE
LogInit:      CURL_VERSION_IDN
LogInit:  CurlRequestOptions (configurable via config and command line):
LogInit:  - bVerifyPeer = false  - Libcurl will NOT verify peer certificate
LogInit:  - bUseHttpProxy = false  - Libcurl will NOT use HTTP proxy
LogInit:  - bDontReuseConnections = false  - Libcurl will reuse connections
LogInit:  - CertBundlePath = nullptr  - Libcurl will use whatever was configured at build time.
LogInit:  - MaxHostConnections = 16  - Libcurl will limit the number of connections to a host
LogInit:  - LocalHostAddr = Default
LogInit:  - BufferSize = 65536
LogInit: WinSock: version 1.1 (2.2), MaxSocks=32767, MaxUdp=65467
LogInit: Build: ++UE4+Release-4.20-CL-4369336
LogInit: Engine Version: 4.20.3-4369336+++UE4+Release-4.20
LogInit: Compatible Engine Version: 4.20.0-4212847+++UE4+Release-4.20
LogInit: Net CL: 4212847
LogInit: OS: Windows 10 (), CPU: Intel(R) Core(TM) i7-8809G CPU @ 3.10GHz, GPU: Radeon RX Vega M GH Graphics
LogInit: Compiled (64-bit): Sep 17 2018 12:26:19
LogInit: Compiled with Visual C++: 19.13.26129.00
LogInit: Build Configuration: Development
LogInit: Branch Name: ++UE4+Release-4.20
LogInit: Command Line: -EpicPortal  -epicusername="jbconger" -epicuserid=c42cba4b04d5464e80d3bf41109f37f6 -epiclocale=en-US
LogInit: Base Directory: C:/Program Files/Epic Games/UE_4.20/Engine/Binaries/Win64/
LogInit: Installed Engine Build: 1
LogDevObjectVersion: Number of dev versions registered: 20
LogDevObjectVersion:   Dev-Blueprints (B0D832E4-1F89-4F0D-ACCF-7EB736FD4AA2): 10
LogDevObjectVersion:   Dev-Build (E1C64328-A22C-4D53-A36C-8E866417BD8C): 0
LogDevObjectVersion:   Dev-Core (375EC13C-06E4-48FB-B500-84F0262A717E): 2
LogDevObjectVersion:   Dev-Editor (E4B068ED-F494-42E9-A231-DA0B2E46BB41): 24
LogDevObjectVersion:   Dev-Framework (CFFC743F-43B0-4480-9391-14DF171D2073): 34
LogDevObjectVersion:   Dev-Mobile (B02B49B5-BB20-44E9-A304-32B752E40360): 2
LogDevObjectVersion:   Dev-Networking (A4E4105C-59A1-49B5-A7C5-40C4547EDFEE): 0
LogDevObjectVersion:   Dev-Online (39C831C9-5AE6-47DC-9A44-9C173E1C8E7C): 0
LogDevObjectVersion:   Dev-Physics (78F01B33-EBEA-4F98-B9B4-84EACCB95AA2): 0
LogDevObjectVersion:   Dev-Platform (6631380F-2D4D-43E0-8009-CF276956A95A): 0
LogDevObjectVersion:   Dev-Rendering (12F88B9F-8875-4AFC-A67C-D90C383ABD29): 26
LogDevObjectVersion:   Dev-Sequencer (7B5AE74C-D270-4C10-A958-57980B212A5A): 9
LogDevObjectVersion:   Dev-VR (D7296918-1DD6-4BDD-9DE2-64A83CC13884): 2
LogDevObjectVersion:   Dev-LoadTimes (C2A15278-BFE7-4AFE-6C17-90FF531DF755): 1
LogDevObjectVersion:   Private-Geometry (6EACA3D4-40EC-4CC1-B786-8BED09428FC5): 3
LogDevObjectVersion:   Dev-AnimPhys (29E575DD-E0A3-4627-9D10-D276232CDCEA): 17
LogDevObjectVersion:   Dev-ReflectionCapture (6B266CEC-1EC7-4B8F-A30B-E4D90942FC07): 1
LogDevObjectVersion:   Dev-Automation (0DF73D61-A23F-47EA-B727-89E90C41499A): 1
LogDevObjectVersion:   FortniteMain (601D1886-AC64-4F84-AA16-D3DE0DEAC7D6): 12
LogDevObjectVersion:   Dev-Enterprise (9DFFBCD6-494F-0158-E221-12823C92A888): 1
LogStreaming: Display: Took  0.000s to delete old logs.
LogInit: Presizing for max 8388607 objects, including 0 objects not considered by GC, pre-allocating 0 bytes for permanent pool.
LogInit: Object subsystem initialized
[2019.01.16-20.27.41:919][  0]LogInit: Selected Device Profile: [Windows]
[2019.01.16-20.27.41:919][  0]LogInit: Applying CVar settings loaded from the selected device profile: [Windows]
[2019.01.16-20.27.41:940][  0]LogHAL: Display: Platform has ~ 16 GB [17095028736 / 17179869184 / 16], which maps to Larger [LargestMinGB=32, LargerMinGB=12, DefaultMinGB=8, SmallerMinGB=6, SmallestMinGB=0)
[2019.01.16-20.27.41:940][  0]LogInit: Setting Device Profile CVar: [[r.Vulkan.UseRealUBs:1]]
[2019.01.16-20.27.41:940][  0]LogInit: Going up to parent DeviceProfile []
[2019.01.16-20.27.41:941][  0]LogInit: Computer: eae-n-029
[2019.01.16-20.27.41:941][  0]LogInit: User: u0653697
[2019.01.16-20.27.41:941][  0]LogInit: CPU Page size=4096, Cores=4
[2019.01.16-20.27.41:941][  0]LogInit: High frequency timer resolution =3.023440 MHz
[2019.01.16-20.27.41:941][  0]LogMemory: Memory total: Physical=15.9GB (16GB approx)
[2019.01.16-20.27.41:941][  0]LogMemory: Platform Memory Stats for Windows
[2019.01.16-20.27.41:941][  0]LogMemory: Process Physical Memory: 99.79 MB used, 99.79 MB peak
[2019.01.16-20.27.41:941][  0]LogMemory: Process Virtual Memory: 90.95 MB used, 90.95 MB peak
[2019.01.16-20.27.41:941][  0]LogMemory: Physical Memory: 4685.07 MB used,  11618.02 MB free, 16303.09 MB total
[2019.01.16-20.27.41:941][  0]LogMemory: Virtual Memory: 4640.71 MB used,  11618.02 MB free, 134217728.00 MB total
[2019.01.16-20.27.41:956][  0]LogInit: Using OS detected language (en-US).
[2019.01.16-20.27.41:956][  0]LogInit: Using OS detected locale (en-US).
[2019.01.16-20.27.41:957][  0]LogTextLocalizationManager: No specific localization for 'en-US' exists, so the 'en' localization will be used.
[2019.01.16-20.27.42:269][  0]LogStreaming: Display: Took  0.314s to InitEngineTextLocalization.
[2019.01.16-20.27.42:269][  0]LogInit: Setting process to per monitor DPI aware
[2019.01.16-20.27.42:308][  0]LogSlate: New Slate User Created.  User Index 0, Is Virtual User: 0
[2019.01.16-20.27.42:308][  0]LogSlate: Slate User Registered.  User Index 0, Is Virtual User: 0
[2019.01.16-20.27.42:468][  0]LogHMD: Failed to initialize OpenVR with code 110
[2019.01.16-20.27.42:468][  0]LogD3D11RHI: D3D11 adapters:
[2019.01.16-20.27.42:503][  0]LogD3D11RHI:    0. 'Radeon RX Vega M GH Graphics' (Feature Level 11_0)
[2019.01.16-20.27.42:503][  0]LogD3D11RHI:       4042/0/8151 MB DedicatedVideo/DedicatedSystem/SharedSystem, Outputs:1, VendorId:0x1002
[2019.01.16-20.27.42:514][  0]LogD3D11RHI:    1. 'Intel(R) HD Graphics 630' (Feature Level 11_0)
[2019.01.16-20.27.42:514][  0]LogD3D11RHI:       128/0/8151 MB DedicatedVideo/DedicatedSystem/SharedSystem, Outputs:0, VendorId:0x8086
[2019.01.16-20.27.42:516][  0]LogD3D11RHI:    2. 'Microsoft Basic Render Driver' (Feature Level 11_0)
[2019.01.16-20.27.42:516][  0]LogD3D11RHI:       0/0/8151 MB DedicatedVideo/DedicatedSystem/SharedSystem, Outputs:0, VendorId:0x1414
[2019.01.16-20.27.42:516][  0]LogD3D11RHI: Chosen D3D11 Adapter: 0
[2019.01.16-20.27.42:523][  0]LogD3D11RHI: Creating new Direct3DDevice
[2019.01.16-20.27.42:523][  0]LogD3D11RHI:     GPU DeviceId: 0x694c (for the marketing name, search the web for "GPU Device Id")
[2019.01.16-20.27.42:523][  0]LogWindows: EnumDisplayDevices:
[2019.01.16-20.27.42:523][  0]LogWindows:    0. 'Radeon RX Vega M GH Graphics' (P:1 D:1)
[2019.01.16-20.27.42:524][  0]LogWindows:    1. 'Radeon RX Vega M GH Graphics' (P:0 D:0)
[2019.01.16-20.27.42:524][  0]LogWindows:    2. 'Radeon RX Vega M GH Graphics' (P:0 D:0)
[2019.01.16-20.27.42:524][  0]LogWindows:    3. 'Radeon RX Vega M GH Graphics' (P:0 D:0)
[2019.01.16-20.27.42:524][  0]LogWindows:    4. 'Radeon RX Vega M GH Graphics' (P:0 D:0)
[2019.01.16-20.27.42:525][  0]LogWindows:    5. 'Radeon RX Vega M GH Graphics' (P:0 D:0)
[2019.01.16-20.27.42:525][  0]LogWindows:    6. 'Radeon RX Vega M GH Graphics' (P:0 D:0)
[2019.01.16-20.27.42:525][  0]LogWindows:    7. 'Intel(R) HD Graphics 630' (P:0 D:0)
[2019.01.16-20.27.42:525][  0]LogWindows:    8. 'Intel(R) HD Graphics 630' (P:0 D:0)
[2019.01.16-20.27.42:525][  0]LogWindows: DebugString: PrimaryIsNotTheChoosenAdapter PrimaryIsNotTheChoosenAdapter FoundDriverCount:7 
[2019.01.16-20.27.42:525][  0]LogD3D11RHI:     Adapter Name: Radeon RX Vega M GH Graphics
[2019.01.16-20.27.42:525][  0]LogD3D11RHI:   Driver Version: Adrenalin 18.9.1 (internal:24.20.11026.2001, unified:24.20.11026.2001)
[2019.01.16-20.27.42:526][  0]LogD3D11RHI:      Driver Date: 8-30-2018
[2019.01.16-20.27.42:526][  0]LogRHI: Texture pool is 2829 MB (70% of 4042 MB)
[2019.01.16-20.27.42:590][  0]LogD3D11RHI: Async texture creation enabled
[2019.01.16-20.27.42:602][  0]LogD3D11RHI: GPU Timing Frequency: 25.000000 (Debug: 2 1)
[2019.01.16-20.27.42:604][  0]LogShaderCompilers: Guid format shader working directory is -47 characters bigger than the processId version (../../../../../../Users/u0653697/Documents/GitHub/JC_AssetPipeline/JC_AssetPipeline/JC_WBInClass/Intermediate/Shaders/WorkingDirectory/2720/).
[2019.01.16-20.27.42:604][  0]LogShaderCompilers: Cleaned the shader compiler working directory 'C:/Users/u0653697/AppData/Local/Temp/UnrealShaderWorkingDir/E64C11014C4E1679398684A0AD9D3553/'.
[2019.01.16-20.27.42:852][  0]LogTemp: Display: Loaded TP AllDesktopTargetPlatform
[2019.01.16-20.27.42:862][  0]LogTemp: Display: Loaded TP MacClientTargetPlatform
[2019.01.16-20.27.42:875][  0]LogTemp: Display: Loaded TP MacNoEditorTargetPlatform
[2019.01.16-20.27.42:889][  0]LogTemp: Display: Loaded TP MacServerTargetPlatform
[2019.01.16-20.27.42:900][  0]LogTemp: Display: Loaded TP MacTargetPlatform
[2019.01.16-20.27.42:912][  0]LogTemp: Display: Loaded TP WindowsClientTargetPlatform
[2019.01.16-20.27.42:926][  0]LogTemp: Display: Loaded TP WindowsNoEditorTargetPlatform
[2019.01.16-20.27.42:940][  0]LogTemp: Display: Loaded TP WindowsServerTargetPlatform
[2019.01.16-20.27.42:946][  0]LogTemp: Display: Loaded TP WindowsTargetPlatform
[2019.01.16-20.27.43:014][  0]LogTemp: Display: Loaded TP AndroidTargetPlatform
[2019.01.16-20.27.43:015][  0]LogTemp: Display: Loaded TP AndroidTargetPlatform
[2019.01.16-20.27.43:015][  0]LogTemp: Display: Loaded TP AndroidTargetPlatform
[2019.01.16-20.27.43:015][  0]LogTemp: Display: Loaded TP AndroidTargetPlatform
[2019.01.16-20.27.43:015][  0]LogTemp: Display: Loaded TP AndroidTargetPlatform
[2019.01.16-20.27.43:015][  0]LogTemp: Display: Loaded TP AndroidTargetPlatform
[2019.01.16-20.27.43:015][  0]LogTemp: Display: Loaded TP AndroidTargetPlatform
[2019.01.16-20.27.43:015][  0]LogTemp: Display: Loaded TP AndroidTargetPlatform
[2019.01.16-20.27.43:015][  0]LogTemp: Display: Loaded TP AndroidTargetPlatform
[2019.01.16-20.27.43:015][  0]LogTemp: Display: Loaded TP AndroidTargetPlatform
[2019.01.16-20.27.43:015][  0]LogTemp: Display: Loaded TP AndroidTargetPlatform
[2019.01.16-20.27.43:015][  0]LogTemp: Display: Loaded TP AndroidTargetPlatform
[2019.01.16-20.27.43:015][  0]LogTemp: Display: Loaded TP AndroidTargetPlatform
[2019.01.16-20.27.43:015][  0]LogTemp: Display: Loaded TP AndroidTargetPlatform
[2019.01.16-20.27.43:015][  0]LogTemp: Display: Loaded TP AndroidTargetPlatform
[2019.01.16-20.27.43:015][  0]LogTemp: Display: Loaded TP AndroidTargetPlatform
[2019.01.16-20.27.43:015][  0]LogTemp: Display: Loaded TP AndroidTargetPlatform
[2019.01.16-20.27.43:015][  0]LogTemp: Display: Loaded TP AndroidTargetPlatform
[2019.01.16-20.27.43:016][  0]LogTemp: Display: Loaded TP HTML5TargetPlatform
[2019.01.16-20.27.43:075][  0]LogTemp: Display: Loaded TP IOSTargetPlatform
[2019.01.16-20.27.43:075][  0]LogTemp: Display: Loaded TP IOSTargetPlatform
[2019.01.16-20.27.43:095][  0]LogTemp: Display: Loaded TP TVOSTargetPlatform
[2019.01.16-20.27.43:095][  0]LogTemp: Display: Loaded TP TVOSTargetPlatform
[2019.01.16-20.27.43:106][  0]LogTemp: Display: Loaded TP LinuxClientTargetPlatform
[2019.01.16-20.27.43:116][  0]LogTemp: Display: Loaded TP LinuxNoEditorTargetPlatform
[2019.01.16-20.27.43:130][  0]LogTemp: Display: Loaded TP LinuxServerTargetPlatform
[2019.01.16-20.27.43:143][  0]LogTemp: Display: Loaded TP LinuxTargetPlatform
[2019.01.16-20.27.43:155][  0]LogTemp: Display: Loaded TP LuminTargetPlatform
[2019.01.16-20.27.43:155][  0]LogTargetPlatformManager: Display: Building Assets For Windows
[2019.01.16-20.27.43:215][  0]LogXGEController: Cannot use XGE Controller as Incredibuild is not installed on this machine.
[2019.01.16-20.27.43:215][  0]LogShaderCompilers: Cannot use XGE Shader Compiler as Incredibuild is not installed on this machine.
[2019.01.16-20.27.43:215][  0]LogShaderCompilers: Display: Using Local Shader Compiler.
[2019.01.16-20.27.43:859][  0]LogDerivedDataCache: Display: Max Cache Size: 512 MB
[2019.01.16-20.27.43:911][  0]LogDerivedDataCache: Loaded boot cache 0.05s 71MB C:/Users/u0653697/AppData/Local/UnrealEngine/4.20/DerivedDataCache/Boot.ddc.
[2019.01.16-20.27.43:912][  0]LogDerivedDataCache: Display: Loaded Boot cache: C:/Users/u0653697/AppData/Local/UnrealEngine/4.20/DerivedDataCache/Boot.ddc
[2019.01.16-20.27.43:912][  0]LogDerivedDataCache: FDerivedDataBackendGraph:  Pak pak cache file ../../../../../../Users/u0653697/Documents/GitHub/JC_AssetPipeline/JC_AssetPipeline/JC_WBInClass/DerivedDataCache/DDC.ddp not found, will not use a pak cache.
[2019.01.16-20.27.43:912][  0]LogDerivedDataCache: Unable to find inner node Pak for hierarchical cache Hierarchy.
[2019.01.16-20.27.43:912][  0]LogDerivedDataCache: FDerivedDataBackendGraph:  CompressedPak pak cache file ../../../../../../Users/u0653697/Documents/GitHub/JC_AssetPipeline/JC_AssetPipeline/JC_WBInClass/DerivedDataCache/Compressed.ddp not found, will not use a pak cache.
[2019.01.16-20.27.43:912][  0]LogDerivedDataCache: Unable to find inner node CompressedPak for hierarchical cache Hierarchy.
[2019.01.16-20.27.43:923][  0]LogDerivedDataCache: Display: Pak cache opened for reading ../../../Engine/DerivedDataCache/Compressed.ddp.
[2019.01.16-20.27.43:935][  0]LogDerivedDataCache: Using Local data cache path C:/Users/u0653697/AppData/Local/UnrealEngine/Common/DerivedDataCache: Writable
[2019.01.16-20.27.43:935][  0]LogDerivedDataCache: Shared data cache path not found in *engine.ini, will not use an Shared cache.
[2019.01.16-20.27.43:935][  0]LogDerivedDataCache: Unable to find inner node Shared for hierarchical cache Hierarchy.
[2019.01.16-20.27.43:951][  0]LogMaterial: Verifying Global Shaders for PCD3D_SM5
[2019.01.16-20.27.43:953][  0]LogSlate: Using FreeType 2.6.0
[2019.01.16-20.27.43:953][  0]LogSlate: SlateFontServices - WITH_FREETYPE: 1, WITH_HARFBUZZ: 1
[2019.01.16-20.27.44:019][  0]LogAssetRegistry: FAssetRegistry took 0.0258 seconds to start up
[2019.01.16-20.27.44:284][  0]LogInit: Selected Device Profile: [Windows]
[2019.01.16-20.27.44:400][  0]LogSimplygon: Simplygon DLL not present - disabling.
[2019.01.16-20.27.44:404][  0]LogMeshReduction: Using SimplygonSwarm for distributed automatic mesh merging
[2019.01.16-20.27.44:404][  0]LogMeshReduction: Using ProxyLODMeshReduction for automatic mesh merging
[2019.01.16-20.27.44:404][  0]LogMeshReduction: Using QuadricMeshReduction for automatic static mesh reduction
[2019.01.16-20.27.44:404][  0]LogMeshReduction: No automatic skeletal mesh reduction module available
[2019.01.16-20.27.44:416][  0]LogNetVersion: JC_WBInClass 1.0.0, NetCL: 4212847, EngineNetVer: 5, GameNetVer: 0 (Checksum: 1862702967)
[2019.01.16-20.27.44:887][  0]LogPackageLocalizationCache: Processed 11 localized package path(s) for 2 prioritized culture(s) in 0.103199 seconds
[2019.01.16-20.27.44:892][  0]LogUObjectArray: 38425 objects as part of root set at end of initial load.
[2019.01.16-20.27.44:892][  0]LogUObjectAllocator: 6690864 out of 0 bytes used by permanent object pool.
[2019.01.16-20.27.44:892][  0]LogUObjectArray: CloseDisregardForGC: 0/0 objects in disregard for GC pool
[2019.01.16-20.27.45:630][  0]LogTcpMessaging: Initializing TcpMessaging bridge
[2019.01.16-20.27.45:642][  0]LogUdpMessaging: Initializing bridge on interface 0.0.0.0:0 to multicast group 230.0.0.1:6666.
[2019.01.16-20.27.45:774][  0]SourceControl: Source control is disabled
[2019.01.16-20.27.45:774][  0]SourceControl: Source control is disabled
[2019.01.16-20.27.45:775][  0]SourceControl: Source control is disabled
[2019.01.16-20.27.45:776][  0]SourceControl: Source control is disabled
[2019.01.16-20.27.45:930][  0]LogAndroidPermission: UAndroidPermissionCallbackProxy::GetInstance
[2019.01.16-20.27.46:013][  0]LogOcInput: OculusInput pre-init called
[2019.01.16-20.27.46:066][  0]LogEngine: Initializing Engine...
[2019.01.16-20.27.46:067][  0]LogHMD: Failed to initialize OpenVR with code 110
[2019.01.16-20.27.46:068][  0]LogStats: UGameplayTagsManager::ConstructGameplayTagTree: ImportINI prefixes -  0.000 s
[2019.01.16-20.27.46:068][  0]LogStats: UGameplayTagsManager::ConstructGameplayTagTree: Construct from data asset -  0.000 s
[2019.01.16-20.27.46:068][  0]LogStats: UGameplayTagsManager::ConstructGameplayTagTree: ImportINI -  0.000 s
[2019.01.16-20.27.46:068][  0]LogStats: UGameplayTagsManager::ConstructGameplayTagTree: GameplayTagTreeChangedEvent.Broadcast -  0.000 s
[2019.01.16-20.27.46:250][  0]LogInit: Initializing FReadOnlyCVARCache
[2019.01.16-20.27.46:263][  0]LogAIModule: Creating AISystem for world Untitled
[2019.01.16-20.27.46:301][  0]LogInit: XAudio2 using '1 - CintiqPro24P (AMD High Definition Audio Device)' : 2 channels at 48 kHz using 16 bits per sample (channel mask 0x3)
[2019.01.16-20.27.46:328][  0]LogInit: FAudioDevice initialized.
[2019.01.16-20.27.46:329][  0]LogNetVersion: Set ProjectVersion to 1.0.0.0. Version Checksum will be recalculated on next use.
[2019.01.16-20.27.46:407][  0]LogDerivedDataCache: Saved boot cache 0.08s 71MB C:/Users/u0653697/AppData/Local/UnrealEngine/4.20/DerivedDataCache/Boot.ddc.
[2019.01.16-20.27.46:433][  0]LogInit: Texture streaming: Enabled
[2019.01.16-20.27.46:448][  0]LogEngineSessionManager: EngineSessionManager initialized
[2019.01.16-20.27.46:463][  0]LogInit: Transaction tracking system initialized
[2019.01.16-20.27.46:485][  0]BlueprintLog: New page: Editor Load
[2019.01.16-20.27.46:561][  0]LocalizationService: Localization service is disabled
[2019.01.16-20.27.46:799][  0]LogCook: Display: Max memory allowance for cook 16384mb min free memory 0mb
[2019.01.16-20.27.46:799][  0]LogCook: Display: Mobile HDR setting 1
[2019.01.16-20.27.46:799][  0]LogGameplayTags: Display: UGameplayTagsManager::DoneAddingNativeTags. DelegateIsBound: 0
[2019.01.16-20.27.46:799][  0]LogStats: UGameplayTagsManager::ConstructGameplayTagTree: ImportINI prefixes -  0.000 s
[2019.01.16-20.27.46:799][  0]LogStats: UGameplayTagsManager::ConstructGameplayTagTree: Construct from data asset -  0.000 s
[2019.01.16-20.27.46:799][  0]LogStats: UGameplayTagsManager::ConstructGameplayTagTree: ImportINI -  0.000 s
[2019.01.16-20.27.46:799][  0]LogStats: UGameplayTagsManager::ConstructGameplayTagTree: GameplayTagTreeChangedEvent.Broadcast -  0.000 s
[2019.01.16-20.27.46:910][  0]LogFileCache: Scanning file cache for directory 'C:/Users/u0653697/Documents/GitHub/JC_AssetPipeline/JC_AssetPipeline/JC_WBInClass/Content/' took 0.02s
[2019.01.16-20.27.46:910][  0]SourceControl: Source control is disabled
[2019.01.16-20.27.46:910][  0]Cmd: MAP LOAD FILE="../../../Engine/Content/Maps/Templates/Template_Default.umap" TEMPLATE=1 SHOWPROGRESS=1 FEATURELEVEL=3
[2019.01.16-20.27.46:910][  0]LightingResults: New page: Lighting Build
[2019.01.16-20.27.46:913][  0]MapCheck: New page: Map Check
[2019.01.16-20.27.46:913][  0]LightingResults: New page: Lighting Build
[2019.01.16-20.27.47:091][  0]LogAIModule: Creating AISystem for world Untitled_1
[2019.01.16-20.27.47:097][  0]LogEditorServer: Finished looking for orphan Actors (0.000 secs)
[2019.01.16-20.27.47:116][  0]Cmd: MAP CHECKDEP NOCLEARLOG
[2019.01.16-20.27.47:175][  0]MapCheck: Map check complete: 0 Error(s), 0 Warning(s), took 58.368ms to complete.
[2019.01.16-20.27.47:175][  0]LogFileHelpers: Loading map 'Template_Default' took 0.265
[2019.01.16-20.27.47:294][  0]LogSlate: Updating window title bar state: overlay mode, drag disabled, window buttons hidden, title bar hidden
[2019.01.16-20.27.47:302][  0]LogSlate: Updating window title bar state: overlay mode, drag disabled, window buttons hidden, title bar hidden
[2019.01.16-20.27.47:308][  0]LogSlate: Updating window title bar state: overlay mode, drag disabled, window buttons hidden, title bar hidden
[2019.01.16-20.27.47:314][  0]LogSlate: Updating window title bar state: overlay mode, drag disabled, window buttons hidden, title bar hidden
[2019.01.16-20.27.47:331][  0]LogCollectionManager: Loaded 0 collections in 0.001822 seconds
[2019.01.16-20.27.47:394][  0]LogFileCache: Scanning file cache for directory 'C:/Users/u0653697/Documents/GitHub/JC_AssetPipeline/JC_AssetPipeline/JC_WBInClass/Saved/Collections/' took 0.01s
[2019.01.16-20.27.47:394][  0]LogFileCache: Scanning file cache for directory 'C:/Users/u0653697/Documents/GitHub/JC_AssetPipeline/JC_AssetPipeline/JC_WBInClass/Content/Developers/u0653697/Collections/' took 0.01s
[2019.01.16-20.27.47:394][  0]LogFileCache: Scanning file cache for directory 'C:/Users/u0653697/Documents/GitHub/JC_AssetPipeline/JC_AssetPipeline/JC_WBInClass/Content/Collections/' took 0.01s
[2019.01.16-20.27.47:394][  0]LogCollectionManager: Rebuilt the GUID cache for 0 collections in 0.000000 seconds
[2019.01.16-20.27.47:406][  0]LogContentBrowser: Native class hierarchy populated in 0.0103 seconds. Added 2572 classes and 603 folders.
[2019.01.16-20.27.47:421][  0]LogContentBrowser: Native class hierarchy updated for 'WidgetCarousel' in 0.0002 seconds. Added 0 classes and 0 folders.
[2019.01.16-20.27.47:851][  0]LogContentBrowser: Native class hierarchy updated for 'AddContentDialog' in 0.0002 seconds. Added 0 classes and 0 folders.
[2019.01.16-20.27.47:867][  0]LogContentBrowser: Native class hierarchy updated for 'SceneOutliner' in 0.0002 seconds. Added 1 classes and 2 folders.
[2019.01.16-20.27.47:936][  0]LogSlate: Took 0.000172 seconds to synchronously load lazily loaded font '../../../Engine/Content/Slate/Fonts/Roboto-Regular.ttf' (155K)
[2019.01.16-20.27.47:938][  0]LogSlate: Took 0.000215 seconds to synchronously load lazily loaded font '../../../Engine/Content/Slate/Fonts/Roboto-Bold.ttf' (160K)
[2019.01.16-20.27.47:950][  0]LogSlate: Took 0.005519 seconds to synchronously load lazily loaded font '../../../Engine/Content/Editor/Slate/Fonts/FontAwesome.ttf' (139K)
[2019.01.16-20.27.48:096][  0]LogRenderer: Reallocating scene render targets to support 1208x576 Format 10 NumSamples 1 (Frame:1).
[2019.01.16-20.27.48:259][  0]LogContentBrowser: Native class hierarchy updated for 'HierarchicalLODOutliner' in 0.0002 seconds. Added 0 classes and 0 folders.
[2019.01.16-20.27.48:259][  0]LogLoad: (Engine Initialization) Total time: 8.25 seconds
[2019.01.16-20.27.48:259][  0]LogLoad: (Engine Initialization) Total Blueprint compile time: 0.00 seconds
[2019.01.16-20.27.48:270][  0]LogWindowsTextInputMethodSystem: Display: IME system now deactivated.
[2019.01.16-20.27.48:288][  0]LogAssetRegistry: Asset discovery search completed in 4.2930 seconds
[2019.01.16-20.27.48:290][  0]LogCollectionManager: Rebuilt the object cache for 0 collections in 0.000000 seconds (found 0 objects)
[2019.01.16-20.27.48:290][  0]LogCollectionManager: Fixed up redirectors for 0 collections in 0.000038 seconds (updated 0 objects)
[2019.01.16-20.27.48:291][  0]LogContentStreaming: Texture pool size now 1000 MB
[2019.01.16-20.27.55:702][873]LogSlate: FSceneViewport::OnFocusLost() reason 0
[2019.01.16-20.27.55:894][895]LogSlate: Took 0.004797 seconds to synchronously load lazily loaded font '../../../Engine/Content/Slate/Fonts/Roboto-Light.ttf' (167K)
[2019.01.16-20.27.56:133][895]LogAIModule: Creating AISystem for world JC_WBStreet
[2019.01.16-20.27.56:201][895]LogAssetEditorManager: Opening Asset editor for World /Game/JC_WBStreet.JC_WBStreet
[2019.01.16-20.27.56:223][895]Cmd: MAP LOAD FILE="../../../../../../Users/u0653697/Documents/GitHub/JC_AssetPipeline/JC_AssetPipeline/JC_WBInClass/Content/JC_WBStreet.umap" TEMPLATE=0 SHOWPROGRESS=1 FEATURELEVEL=3
[2019.01.16-20.27.56:223][895]LightingResults: New page: Lighting Build
[2019.01.16-20.27.56:224][895]LoadErrors: New page: Loading map: JC_WBStreet.umap
[2019.01.16-20.27.56:224][895]MapCheck: New page: Map Check
[2019.01.16-20.27.56:224][895]LightingResults: New page: Lighting Build
[2019.01.16-20.27.56:259][895]LogEditorServer: Finished looking for orphan Actors (0.000 secs)
[2019.01.16-20.27.56:337][895]Cmd: MAP CHECKDEP NOCLEARLOG
[2019.01.16-20.27.56:411][895]MapCheck: Map check complete: 0 Error(s), 0 Warning(s), took 73.354ms to complete.
[2019.01.16-20.27.56:412][895]LogFileHelpers: Loading map 'JC_WBStreet' took 0.189
[2019.01.16-20.30.43:617][348]LogEditorViewport: Clicking on Actor (LMB): BP_Sky_Sphere_C (Sky Sphere)
[2019.01.16-20.34.47:373][478]LogSlate: FSceneViewport::OnFocusLost() reason 0
[2019.01.16-20.35.19:570][484]LogAIModule: Creating AISystem for world JC_MyCityBlock_1
[2019.01.16-20.37.56:040][883]LogFileHelpers: Editor autosave (incl. sublevels) for '/Game/JC_WBStreet' took 0.021
[2019.01.16-20.37.56:042][883]OBJ SavePackage: Generating thumbnails for [0] asset(s) in package [/Game/JC_MyCityBlock_1_BuiltData] ([1] browsable assets)...
[2019.01.16-20.37.56:042][883]OBJ SavePackage: Finished generating thumbnails for package [/Game/JC_MyCityBlock_1_BuiltData]
[2019.01.16-20.37.56:071][883]LogSavePackage: Moving '../../../../../../Users/u0653697/Documents/GitHub/JC_AssetPipeline/JC_AssetPipeline/JC_WBInClass/Saved/JC_MyCityBlock_1_BuiltData_Auto14631AAC24AF828648D8FB88D8F49869C.tmp' to '../../../../../../Users/u0653697/Documents/GitHub/JC_AssetPipeline/JC_AssetPipeline/JC_WBInClass/Saved/Autosaves/Game/JC_MyCityBlock_1_BuiltData_Auto1.uasset'
[2019.01.16-20.37.56:074][883]LogFileHelpers: Auto-saving content packages took 0.032
[2019.01.16-20.50.57:456][274]LogSlate: FSceneViewport::OnFocusLost() reason 0
[2019.01.16-20.50.57:632][290]LogAssetEditorManager: Opening Asset editor for MaterialInstanceConstant /Game/MI_WBox_Grass.MI_WBox_Grass
[2019.01.16-20.51.13:776][471]LogSlate: Window 'Color Picker' being destroyed
[2019.01.16-20.52.21:483][  0]LogSlate: Window 'Color Picker' being destroyed
[2019.01.16-20.52.24:675][338]LogSlate: Window 'MI_WBox_Grass' being destroyed
[2019.01.16-20.52.24:680][338]LogSlate: Window 'MI_WBox_Grass' being destroyed
[2019.01.16-20.52.30:848][741]LogSavePackage: Moving '../../../../../../Users/u0653697/Documents/GitHub/JC_AssetPipeline/JC_AssetPipeline/JC_WBInClass/Saved/JC_MyCityBlock_10090F9F949E8765C28F6E694198DB93D.tmp' to '../../../../../../Users/u0653697/Documents/GitHub/JC_AssetPipeline/JC_AssetPipeline/JC_WBInClass/Content/JC_MyCityBlock_1.umap'
[2019.01.16-20.52.30:923][741]LogFileHelpers: Saving map 'JC_MyCityBlock_1' took 2.734
[2019.01.16-20.52.30:945][741]LogSavePackage: Moving '../../../../../../Users/u0653697/Documents/GitHub/JC_AssetPipeline/JC_AssetPipeline/JC_WBInClass/Saved/JC_MyCityBlock_1_BuiltDataB291D48B4ECBAAF5541BA8941698C8AA.tmp' to '../../../../../../Users/u0653697/Documents/GitHub/JC_AssetPipeline/JC_AssetPipeline/JC_WBInClass/Content/JC_MyCityBlock_1_BuiltData.uasset'
[2019.01.16-21.03.04:952][  8]LogEditorViewport: Clicking on Actor (LMB): BP_Sky_Sphere_C (Sky Sphere)
[2019.01.16-21.03.08:814][459]LogSlate: FSceneViewport::OnFocusLost() reason 2
[2019.01.16-21.03.13:148][924]LogSlate: FSceneViewport::OnFocusLost() reason 0
[2019.01.16-21.03.14:163][998]LogAssetEditorManager: Opening Asset editor for World /Game/JC_MyCityBlock_1.JC_MyCityBlock_1
[2019.01.16-21.03.14:183][998]Cmd: MAP LOAD FILE="../../../../../../Users/u0653697/Documents/GitHub/JC_AssetPipeline/JC_AssetPipeline/JC_WBInClass/Content/JC_MyCityBlock_1.umap" TEMPLATE=0 SHOWPROGRESS=1 FEATURELEVEL=3
[2019.01.16-21.03.14:183][998]LightingResults: New page: Lighting Build
[2019.01.16-21.03.14:183][998]LoadErrors: New page: Loading map: JC_MyCityBlock_1.umap
[2019.01.16-21.03.14:186][998]MapCheck: New page: Map Check
[2019.01.16-21.03.14:186][998]LightingResults: New page: Lighting Build
[2019.01.16-21.03.14:222][998]LogEditorServer: Finished looking for orphan Actors (0.000 secs)
[2019.01.16-21.03.14:297][998]Cmd: MAP CHECKDEP NOCLEARLOG
[2019.01.16-21.03.14:362][998]MapCheck: Map check complete: 0 Error(s), 0 Warning(s), took 64.92ms to complete.
[2019.01.16-21.03.14:365][998]LogFileHelpers: Loading map 'JC_MyCityBlock_1' took 0.183
[2019.01.16-21.03.49:145][ 86]LogFactory: FactoryCreateFile: StaticMesh with FbxFactory (0 0 C:\Users\u0653697\Downloads\mann.obj)
[2019.01.16-21.03.49:173][ 86]LogFbx: Loading FBX Scene from C:\Users\u0653697\Downloads\mann.obj
[2019.01.16-21.03.49:251][ 86]LogFbx: FBX Scene Loaded Succesfully
[2019.01.16-21.03.49:272][ 86]LogSlate: FSceneViewport::OnFocusLost() reason 2
[2019.01.16-21.03.57:721][ 86]LogSlate: Window 'FBX Import Options' being destroyed
[2019.01.16-21.03.57:913][ 86]LogMaterial: Display: Missing cached shader map for material SM_hatMat, compiling. 
[2019.01.16-21.03.57:958][ 86]LogShaderCompilers: Display: Shaders left to compile 22
[2019.01.16-21.03.57:958][ 86]LogShaderCompilers: Display: Shaders left to compile 12
[2019.01.16-21.03.57:958][ 86]LogShaderCompilers: Display: Shaders left to compile 2
[2019.01.16-21.03.57:958][ 86]LogFbx: Warning: Triangulating static mesh SM_hat
[2019.01.16-21.03.58:398][ 86]LogStaticMesh: Building static mesh mann...
[2019.01.16-21.03.58:506][ 86]LogStaticMesh: Built static mesh [0.11s] /Game/mann.mann
[2019.01.16-21.04.13:481][710]LogSlate: FSceneViewport::OnFocusLost() reason 0
[2019.01.16-21.04.13:903][758]LogActorFactory: Actor Factory created mann
[2019.01.16-21.04.15:861][988]LogActorFactory: Actor Factory created mann
[2019.01.16-21.04.25:873][985]LogSlate: FSceneViewport::OnFocusLost() reason 0
[2019.01.16-21.05.02:750][923]LogSlate: FSceneViewport::OnFocusLost() reason 0
[2019.01.16-21.05.43:665][726]LogSlate: FSceneViewport::OnFocusLost() reason 0
[2019.01.16-21.06.30:744][575]LogSlate: FSceneViewport::OnFocusLost() reason 0
[2019.01.16-21.07.05:855][411]LogSlate: FSceneViewport::OnFocusLost() reason 2
[2019.01.16-21.07.07:063][551]LogSlate: FSceneViewport::OnFocusLost() reason 2
[2019.01.16-21.07.07:852][551]LogSavePackage: Moving '../../../../../../Users/u0653697/Documents/GitHub/JC_AssetPipeline/JC_AssetPipeline/JC_WBInClass/Saved/JC_MyCityBlock_15AFD99B54809F49994C79D80A1377D12.tmp' to '../../../../../../Users/u0653697/Documents/GitHub/JC_AssetPipeline/JC_AssetPipeline/JC_WBInClass/Content/JC_MyCityBlock_1.umap'
[2019.01.16-21.07.07:883][551]LogFileHelpers: Saving map 'JC_MyCityBlock_1' took 0.815
[2019.01.16-21.07.07:906][551]Cmd: OBJ SAVEPACKAGE PACKAGE="/Game/mann" FILE="../../../../../../Users/u0653697/Documents/GitHub/JC_AssetPipeline/JC_AssetPipeline/JC_WBInClass/Content/mann.uasset" SILENT=true
[2019.01.16-21.07.07:922][551]LogSavePackage: Moving '../../../../../../Users/u0653697/Documents/GitHub/JC_AssetPipeline/JC_AssetPipeline/JC_WBInClass/Saved/mannB3E7C62644C80F453930249BE8E06370.tmp' to '../../../../../../Users/u0653697/Documents/GitHub/JC_AssetPipeline/JC_AssetPipeline/JC_WBInClass/Content/mann.uasset'
[2019.01.16-21.07.07:949][551]Cmd: OBJ SAVEPACKAGE PACKAGE="/Game/SM_hatMat" FILE="../../../../../../Users/u0653697/Documents/GitHub/JC_AssetPipeline/JC_AssetPipeline/JC_WBInClass/Content/SM_hatMat.uasset" SILENT=true
[2019.01.16-21.07.07:964][551]LogSavePackage: Moving '../../../../../../Users/u0653697/Documents/GitHub/JC_AssetPipeline/JC_AssetPipeline/JC_WBInClass/Saved/SM_hatMatFBE5B33840CEE5AA527924B551A3E729.tmp' to '../../../../../../Users/u0653697/Documents/GitHub/JC_AssetPipeline/JC_AssetPipeline/JC_WBInClass/Content/SM_hatMat.uasset'
